<?xml version="1.0" encoding="windows-1252" standalone="no"?>
<!DOCTYPE log SYSTEM "logger.dtd">
<log>
<record>
  <date>2019-09-09T00:05:10</date>
  <millis>1567962310771</millis>
  <sequence>0</sequence>
  <logger>org.uma.jmetal.util.JMetalLogger</logger>
  <level>INFO</level>
  <class>org.uma.jmetal.util.JMetalLogger</class>
  <method>configureLoggers</method>
  <thread>1</thread>
  <message>Loggers configured with null</message>
</record>
<record>
  <date>2019-09-09T00:05:10</date>
  <millis>1567962310818</millis>
  <sequence>1</sequence>
  <logger>org.uma.jmetal.util.JMetalLogger</logger>
  <level>INFO</level>
  <class>org.uma.jmetal.algorithm.multiobjective.nsgaiii.NSGAIII</class>
  <method>&lt;init&gt;</method>
  <thread>1</thread>
  <message>rpssize: 91</message>
</record>
<record>
  <date>2019-09-09T00:07:54</date>
  <millis>1567962474804</millis>
  <sequence>2</sequence>
  <logger>org.uma.jmetal.util.JMetalLogger</logger>
  <level>INFO</level>
  <class>com.amontep.portfolio.NsgaiiiIntegerProblemRunner</class>
  <method>main</method>
  <thread>1</thread>
  <message>Total execution time: 163965ms</message>
</record>
<record>
  <date>2019-09-09T00:07:54</date>
  <millis>1567962474805</millis>
  <sequence>3</sequence>
  <logger>org.uma.jmetal.util.JMetalLogger</logger>
  <level>INFO</level>
  <class>com.amontep.portfolio.NsgaiiiIntegerProblemRunner</class>
  <method>main</method>
  <thread>1</thread>
  <message>Objectives values have been written to file nsgaiii-integer-problem-variable.tsv</message>
</record>
<record>
  <date>2019-09-09T00:07:54</date>
  <millis>1567962474806</millis>
  <sequence>4</sequence>
  <logger>org.uma.jmetal.util.JMetalLogger</logger>
  <level>INFO</level>
  <class>com.amontep.portfolio.NsgaiiiIntegerProblemRunner</class>
  <method>main</method>
  <thread>1</thread>
  <message>Variables values have been written to file nsgaiii-integer-problem-objective.tsv</message>
</record>
</log>
